<?xml version="1.0" encoding="UTF-8"?>
<!-- Generated by org.testng.reporters.JUnitReportReporter -->
<testsuite hostname="DESKTOP-V2RVKFF" failures="0" tests="7" name="goodreads.com.SearchBook_wantToread_RemoveBook_logout" time="144.434" errors="0" timestamp="2023-08-06T21:54:22 IST" skipped="0">
  <testcase classname="goodreads.com.SearchBook_wantToread_RemoveBook_logout" name="LoginWithEmptyFields" time="0.840"/>
  <system-out/>
  <testcase classname="goodreads.com.SearchBook_wantToread_RemoveBook_logout" name="IncorrectLoginEmail" time="39.087"/>
  <system-out/>
  <testcase classname="goodreads.com.SearchBook_wantToread_RemoveBook_logout" name="IncorrectLoginPassword" time="36.048"/>
  <system-out/>
  <testcase classname="goodreads.com.SearchBook_wantToread_RemoveBook_logout" name="ForgotPassword" time="4.835"/>
  <system-out/>
  <testcase classname="goodreads.com.SearchBook_wantToread_RemoveBook_logout" name="CorrectLoginEmail_and_Password" time="47.498"/>
  <system-out/>
  <testcase classname="goodreads.com.SearchBook_wantToread_RemoveBook_logout" name="SearchBook_wantToread_RemoveBook" time="12.457"/>
  <system-out/>
  <testcase classname="goodreads.com.SearchBook_wantToread_RemoveBook_logout" name="SignOut" time="3.669"/>
  <system-out/>
</testsuite> <!-- goodreads.com.SearchBook_wantToread_RemoveBook_logout -->
